{"/Users/leejim/Dev/wxml-minifier/dist/index.js": {"path":"/Users/leejim/Dev/wxml-minifier/dist/index.js","all":false,"statementMap":{"0":{"start":{"line":1,"column":0},"end":{"line":1,"column":37}},"1":{"start":{"line":2,"column":0},"end":{"line":2,"column":38}},"2":{"start":{"line":3,"column":0},"end":{"line":3,"column":0}},"3":{"start":{"line":4,"column":0},"end":{"line":4,"column":10}},"4":{"start":{"line":5,"column":0},"end":{"line":5,"column":67}},"5":{"start":{"line":6,"column":0},"end":{"line":6,"column":0}},"6":{"start":{"line":7,"column":0},"end":{"line":7,"column":47}},"7":{"start":{"line":8,"column":0},"end":{"line":8,"column":0}},"8":{"start":{"line":9,"column":0},"end":{"line":9,"column":46}},"9":{"start":{"line":10,"column":0},"end":{"line":10,"column":59}},"10":{"start":{"line":11,"column":0},"end":{"line":11,"column":44}},"11":{"start":{"line":12,"column":0},"end":{"line":12,"column":5}},"12":{"start":{"line":13,"column":0},"end":{"line":13,"column":2}},"13":{"start":{"line":14,"column":0},"end":{"line":14,"column":0}},"14":{"start":{"line":15,"column":0},"end":{"line":15,"column":18}},"15":{"start":{"line":16,"column":0},"end":{"line":16,"column":27}},"16":{"start":{"line":17,"column":0},"end":{"line":17,"column":39}},"17":{"start":{"line":18,"column":0},"end":{"line":18,"column":5}},"18":{"start":{"line":19,"column":0},"end":{"line":19,"column":0}},"19":{"start":{"line":20,"column":0},"end":{"line":20,"column":19}},"20":{"start":{"line":21,"column":0},"end":{"line":21,"column":29}},"21":{"start":{"line":22,"column":0},"end":{"line":22,"column":38}},"22":{"start":{"line":23,"column":0},"end":{"line":23,"column":21}},"23":{"start":{"line":24,"column":0},"end":{"line":24,"column":26}},"24":{"start":{"line":25,"column":0},"end":{"line":25,"column":5}},"25":{"start":{"line":26,"column":0},"end":{"line":26,"column":0}},"26":{"start":{"line":27,"column":0},"end":{"line":27,"column":19}},"27":{"start":{"line":28,"column":0},"end":{"line":28,"column":37}},"28":{"start":{"line":29,"column":0},"end":{"line":29,"column":5}},"29":{"start":{"line":30,"column":0},"end":{"line":30,"column":0}},"30":{"start":{"line":31,"column":0},"end":{"line":31,"column":21}},"31":{"start":{"line":32,"column":0},"end":{"line":32,"column":64}},"32":{"start":{"line":33,"column":0},"end":{"line":33,"column":5}},"33":{"start":{"line":34,"column":0},"end":{"line":34,"column":0}},"34":{"start":{"line":35,"column":0},"end":{"line":35,"column":13}},"35":{"start":{"line":36,"column":0},"end":{"line":36,"column":36}},"36":{"start":{"line":37,"column":0},"end":{"line":37,"column":5}},"37":{"start":{"line":38,"column":0},"end":{"line":38,"column":0}},"38":{"start":{"line":39,"column":0},"end":{"line":39,"column":14}},"39":{"start":{"line":40,"column":0},"end":{"line":40,"column":0}},"40":{"start":{"line":41,"column":0},"end":{"line":41,"column":19}},"41":{"start":{"line":42,"column":0},"end":{"line":42,"column":39}},"42":{"start":{"line":43,"column":0},"end":{"line":43,"column":5}},"43":{"start":{"line":44,"column":0},"end":{"line":44,"column":0}},"44":{"start":{"line":45,"column":0},"end":{"line":45,"column":29}},"45":{"start":{"line":46,"column":0},"end":{"line":46,"column":24}},"46":{"start":{"line":47,"column":0},"end":{"line":47,"column":64}},"47":{"start":{"line":48,"column":0},"end":{"line":48,"column":41}},"48":{"start":{"line":49,"column":0},"end":{"line":49,"column":9}},"49":{"start":{"line":50,"column":0},"end":{"line":50,"column":22}},"50":{"start":{"line":51,"column":0},"end":{"line":51,"column":5}},"51":{"start":{"line":52,"column":0},"end":{"line":52,"column":0}},"52":{"start":{"line":53,"column":0},"end":{"line":53,"column":25}},"53":{"start":{"line":54,"column":0},"end":{"line":54,"column":60}},"54":{"start":{"line":55,"column":0},"end":{"line":55,"column":5}},"55":{"start":{"line":56,"column":0},"end":{"line":56,"column":0}},"56":{"start":{"line":57,"column":0},"end":{"line":57,"column":12}},"57":{"start":{"line":58,"column":0},"end":{"line":58,"column":18}},"58":{"start":{"line":59,"column":0},"end":{"line":59,"column":57}},"59":{"start":{"line":60,"column":0},"end":{"line":60,"column":29}},"60":{"start":{"line":61,"column":0},"end":{"line":61,"column":9}},"61":{"start":{"line":62,"column":0},"end":{"line":62,"column":5}},"62":{"start":{"line":63,"column":0},"end":{"line":63,"column":0}},"63":{"start":{"line":64,"column":0},"end":{"line":64,"column":17}},"64":{"start":{"line":65,"column":0},"end":{"line":65,"column":42}},"65":{"start":{"line":66,"column":0},"end":{"line":66,"column":27}},"66":{"start":{"line":67,"column":0},"end":{"line":67,"column":21}},"67":{"start":{"line":68,"column":0},"end":{"line":68,"column":37}},"68":{"start":{"line":69,"column":0},"end":{"line":69,"column":22}},"69":{"start":{"line":70,"column":0},"end":{"line":70,"column":21}},"70":{"start":{"line":71,"column":0},"end":{"line":71,"column":46}},"71":{"start":{"line":72,"column":0},"end":{"line":72,"column":40}},"72":{"start":{"line":73,"column":0},"end":{"line":73,"column":27}},"73":{"start":{"line":74,"column":0},"end":{"line":74,"column":17}},"74":{"start":{"line":75,"column":0},"end":{"line":75,"column":27}},"75":{"start":{"line":76,"column":0},"end":{"line":76,"column":36}},"76":{"start":{"line":77,"column":0},"end":{"line":77,"column":22}},"77":{"start":{"line":78,"column":0},"end":{"line":78,"column":20}},"78":{"start":{"line":79,"column":0},"end":{"line":79,"column":33}},"79":{"start":{"line":80,"column":0},"end":{"line":80,"column":9}},"80":{"start":{"line":81,"column":0},"end":{"line":81,"column":5}},"81":{"start":{"line":82,"column":0},"end":{"line":82,"column":0}},"82":{"start":{"line":83,"column":0},"end":{"line":83,"column":21}},"83":{"start":{"line":84,"column":0},"end":{"line":84,"column":46}},"84":{"start":{"line":85,"column":0},"end":{"line":85,"column":46}},"85":{"start":{"line":86,"column":0},"end":{"line":86,"column":65}},"86":{"start":{"line":87,"column":0},"end":{"line":87,"column":56}},"87":{"start":{"line":88,"column":0},"end":{"line":88,"column":46}},"88":{"start":{"line":89,"column":0},"end":{"line":89,"column":46}},"89":{"start":{"line":90,"column":0},"end":{"line":90,"column":5}},"90":{"start":{"line":91,"column":0},"end":{"line":91,"column":0}},"91":{"start":{"line":92,"column":0},"end":{"line":92,"column":17}},"92":{"start":{"line":93,"column":0},"end":{"line":93,"column":67}},"93":{"start":{"line":94,"column":0},"end":{"line":94,"column":48}},"94":{"start":{"line":95,"column":0},"end":{"line":95,"column":20}},"95":{"start":{"line":96,"column":0},"end":{"line":96,"column":5}},"96":{"start":{"line":97,"column":0},"end":{"line":97,"column":0}},"97":{"start":{"line":98,"column":0},"end":{"line":98,"column":20}},"98":{"start":{"line":99,"column":0},"end":{"line":99,"column":46}},"99":{"start":{"line":100,"column":0},"end":{"line":100,"column":46}},"100":{"start":{"line":101,"column":0},"end":{"line":101,"column":46}},"101":{"start":{"line":102,"column":0},"end":{"line":102,"column":46}},"102":{"start":{"line":103,"column":0},"end":{"line":103,"column":91}},"103":{"start":{"line":104,"column":0},"end":{"line":104,"column":54}},"104":{"start":{"line":105,"column":0},"end":{"line":105,"column":46}},"105":{"start":{"line":106,"column":0},"end":{"line":106,"column":46}},"106":{"start":{"line":107,"column":0},"end":{"line":107,"column":46}},"107":{"start":{"line":108,"column":0},"end":{"line":108,"column":23}},"108":{"start":{"line":109,"column":0},"end":{"line":109,"column":5}},"109":{"start":{"line":110,"column":0},"end":{"line":110,"column":0}},"110":{"start":{"line":111,"column":0},"end":{"line":111,"column":20}},"111":{"start":{"line":112,"column":0},"end":{"line":112,"column":19}},"112":{"start":{"line":113,"column":0},"end":{"line":113,"column":46}},"113":{"start":{"line":114,"column":0},"end":{"line":114,"column":42}},"114":{"start":{"line":115,"column":0},"end":{"line":115,"column":38}},"115":{"start":{"line":116,"column":0},"end":{"line":116,"column":34}},"116":{"start":{"line":117,"column":0},"end":{"line":117,"column":0}},"117":{"start":{"line":118,"column":0},"end":{"line":118,"column":33}},"118":{"start":{"line":119,"column":0},"end":{"line":119,"column":41}},"119":{"start":{"line":120,"column":0},"end":{"line":120,"column":26}},"120":{"start":{"line":121,"column":0},"end":{"line":121,"column":33}},"121":{"start":{"line":122,"column":0},"end":{"line":122,"column":9}},"122":{"start":{"line":123,"column":0},"end":{"line":123,"column":76}},"123":{"start":{"line":124,"column":0},"end":{"line":124,"column":50}},"124":{"start":{"line":125,"column":0},"end":{"line":125,"column":46}},"125":{"start":{"line":126,"column":0},"end":{"line":126,"column":28}},"126":{"start":{"line":127,"column":0},"end":{"line":127,"column":68}},"127":{"start":{"line":128,"column":0},"end":{"line":128,"column":19}},"128":{"start":{"line":129,"column":0},"end":{"line":129,"column":9}},"129":{"start":{"line":130,"column":0},"end":{"line":130,"column":0}},"130":{"start":{"line":131,"column":0},"end":{"line":131,"column":32}},"131":{"start":{"line":132,"column":0},"end":{"line":132,"column":64}},"132":{"start":{"line":133,"column":0},"end":{"line":133,"column":50}},"133":{"start":{"line":134,"column":0},"end":{"line":134,"column":16}},"134":{"start":{"line":135,"column":0},"end":{"line":135,"column":30}},"135":{"start":{"line":136,"column":0},"end":{"line":136,"column":9}},"136":{"start":{"line":137,"column":0},"end":{"line":137,"column":0}},"137":{"start":{"line":138,"column":0},"end":{"line":138,"column":46}},"138":{"start":{"line":139,"column":0},"end":{"line":139,"column":46}},"139":{"start":{"line":140,"column":0},"end":{"line":140,"column":47}},"140":{"start":{"line":141,"column":0},"end":{"line":141,"column":67}},"141":{"start":{"line":142,"column":0},"end":{"line":142,"column":46}},"142":{"start":{"line":143,"column":0},"end":{"line":143,"column":5}},"143":{"start":{"line":144,"column":0},"end":{"line":144,"column":0}},"144":{"start":{"line":145,"column":0},"end":{"line":145,"column":20}},"145":{"start":{"line":146,"column":0},"end":{"line":146,"column":67}},"146":{"start":{"line":147,"column":0},"end":{"line":147,"column":5}},"147":{"start":{"line":148,"column":0},"end":{"line":148,"column":0}},"148":{"start":{"line":149,"column":0},"end":{"line":149,"column":18}},"149":{"start":{"line":150,"column":0},"end":{"line":150,"column":33}},"150":{"start":{"line":151,"column":0},"end":{"line":151,"column":23}},"151":{"start":{"line":152,"column":0},"end":{"line":152,"column":50}},"152":{"start":{"line":153,"column":0},"end":{"line":153,"column":73}},"153":{"start":{"line":154,"column":0},"end":{"line":154,"column":37}},"154":{"start":{"line":155,"column":0},"end":{"line":155,"column":45}},"155":{"start":{"line":156,"column":0},"end":{"line":156,"column":32}},"156":{"start":{"line":157,"column":0},"end":{"line":157,"column":25}},"157":{"start":{"line":158,"column":0},"end":{"line":158,"column":13}},"158":{"start":{"line":159,"column":0},"end":{"line":159,"column":50}},"159":{"start":{"line":160,"column":0},"end":{"line":160,"column":37}},"160":{"start":{"line":161,"column":0},"end":{"line":161,"column":79}},"161":{"start":{"line":162,"column":0},"end":{"line":162,"column":46}},"162":{"start":{"line":163,"column":0},"end":{"line":163,"column":70}},"163":{"start":{"line":164,"column":0},"end":{"line":164,"column":56}},"164":{"start":{"line":165,"column":0},"end":{"line":165,"column":29}},"165":{"start":{"line":166,"column":0},"end":{"line":166,"column":37}},"166":{"start":{"line":167,"column":0},"end":{"line":167,"column":9}},"167":{"start":{"line":168,"column":0},"end":{"line":168,"column":21}},"168":{"start":{"line":169,"column":0},"end":{"line":169,"column":5}},"169":{"start":{"line":170,"column":0},"end":{"line":170,"column":1}},"170":{"start":{"line":171,"column":0},"end":{"line":171,"column":0}},"171":{"start":{"line":172,"column":0},"end":{"line":172,"column":28}},"172":{"start":{"line":173,"column":0},"end":{"line":173,"column":0}},"173":{"start":{"line":174,"column":0},"end":{"line":174,"column":0}},"174":{"start":{"line":175,"column":0},"end":{"line":175,"column":9}},"175":{"start":{"line":176,"column":0},"end":{"line":176,"column":0}},"176":{"start":{"line":177,"column":0},"end":{"line":177,"column":10}},"177":{"start":{"line":178,"column":0},"end":{"line":178,"column":67}},"178":{"start":{"line":179,"column":0},"end":{"line":179,"column":0}},"179":{"start":{"line":180,"column":0},"end":{"line":180,"column":42}},"180":{"start":{"line":181,"column":0},"end":{"line":181,"column":0}},"181":{"start":{"line":182,"column":0},"end":{"line":182,"column":21}},"182":{"start":{"line":183,"column":0},"end":{"line":183,"column":18}},"183":{"start":{"line":184,"column":0},"end":{"line":184,"column":21}},"184":{"start":{"line":185,"column":0},"end":{"line":185,"column":1}},"185":{"start":{"line":186,"column":0},"end":{"line":186,"column":0}},"186":{"start":{"line":187,"column":0},"end":{"line":187,"column":42}},"187":{"start":{"line":188,"column":0},"end":{"line":188,"column":17}},"188":{"start":{"line":189,"column":0},"end":{"line":189,"column":48}},"189":{"start":{"line":190,"column":0},"end":{"line":190,"column":0}},"190":{"start":{"line":191,"column":0},"end":{"line":191,"column":56}},"191":{"start":{"line":192,"column":0},"end":{"line":192,"column":33}},"192":{"start":{"line":193,"column":0},"end":{"line":193,"column":49}},"193":{"start":{"line":194,"column":0},"end":{"line":194,"column":138}},"194":{"start":{"line":195,"column":0},"end":{"line":195,"column":45}},"195":{"start":{"line":196,"column":0},"end":{"line":196,"column":106}},"196":{"start":{"line":197,"column":0},"end":{"line":197,"column":10}},"197":{"start":{"line":198,"column":0},"end":{"line":198,"column":24}},"198":{"start":{"line":199,"column":0},"end":{"line":199,"column":35}},"199":{"start":{"line":200,"column":0},"end":{"line":200,"column":39}},"200":{"start":{"line":201,"column":0},"end":{"line":201,"column":13}},"201":{"start":{"line":202,"column":0},"end":{"line":202,"column":10}},"202":{"start":{"line":203,"column":0},"end":{"line":203,"column":25}},"203":{"start":{"line":204,"column":0},"end":{"line":204,"column":32}},"204":{"start":{"line":205,"column":0},"end":{"line":205,"column":10}},"205":{"start":{"line":206,"column":0},"end":{"line":206,"column":22}},"206":{"start":{"line":207,"column":0},"end":{"line":207,"column":38}},"207":{"start":{"line":208,"column":0},"end":{"line":208,"column":28}},"208":{"start":{"line":209,"column":0},"end":{"line":209,"column":24}},"209":{"start":{"line":210,"column":0},"end":{"line":210,"column":13}},"210":{"start":{"line":211,"column":0},"end":{"line":211,"column":36}},"211":{"start":{"line":212,"column":0},"end":{"line":212,"column":35}},"212":{"start":{"line":213,"column":0},"end":{"line":213,"column":13}},"213":{"start":{"line":214,"column":0},"end":{"line":214,"column":10}},"214":{"start":{"line":215,"column":0},"end":{"line":215,"column":29}},"215":{"start":{"line":216,"column":0},"end":{"line":216,"column":35}},"216":{"start":{"line":217,"column":0},"end":{"line":217,"column":9}},"217":{"start":{"line":218,"column":0},"end":{"line":218,"column":7}},"218":{"start":{"line":219,"column":0},"end":{"line":219,"column":25}},"219":{"start":{"line":220,"column":0},"end":{"line":220,"column":15}},"220":{"start":{"line":221,"column":0},"end":{"line":221,"column":1}},"221":{"start":{"line":222,"column":0},"end":{"line":222,"column":0}},"222":{"start":{"line":223,"column":0},"end":{"line":223,"column":26}},"223":{"start":{"line":224,"column":0},"end":{"line":224,"column":0}},"224":{"start":{"line":225,"column":0},"end":{"line":225,"column":9}},"225":{"start":{"line":226,"column":0},"end":{"line":226,"column":0}},"226":{"start":{"line":227,"column":0},"end":{"line":227,"column":10}},"227":{"start":{"line":228,"column":0},"end":{"line":228,"column":20}},"228":{"start":{"line":229,"column":0},"end":{"line":229,"column":0}},"229":{"start":{"line":230,"column":0},"end":{"line":230,"column":13}},"230":{"start":{"line":231,"column":0},"end":{"line":231,"column":35}},"231":{"start":{"line":232,"column":0},"end":{"line":232,"column":0}},"232":{"start":{"line":233,"column":0},"end":{"line":233,"column":8}},"233":{"start":{"line":234,"column":0},"end":{"line":234,"column":0}},"234":{"start":{"line":235,"column":0},"end":{"line":235,"column":13}},"235":{"start":{"line":236,"column":0},"end":{"line":236,"column":74}},"236":{"start":{"line":237,"column":0},"end":{"line":237,"column":29}},"237":{"start":{"line":238,"column":0},"end":{"line":238,"column":44}},"238":{"start":{"line":239,"column":0},"end":{"line":239,"column":10}},"239":{"start":{"line":240,"column":0},"end":{"line":240,"column":33}},"240":{"start":{"line":241,"column":0},"end":{"line":241,"column":50}},"241":{"start":{"line":242,"column":0},"end":{"line":242,"column":41}},"242":{"start":{"line":243,"column":0},"end":{"line":243,"column":65}},"243":{"start":{"line":244,"column":0},"end":{"line":244,"column":44}},"244":{"start":{"line":245,"column":0},"end":{"line":245,"column":40}},"245":{"start":{"line":246,"column":0},"end":{"line":246,"column":12}},"246":{"start":{"line":247,"column":0},"end":{"line":247,"column":61}},"247":{"start":{"line":248,"column":0},"end":{"line":248,"column":62}},"248":{"start":{"line":249,"column":0},"end":{"line":249,"column":34}},"249":{"start":{"line":250,"column":0},"end":{"line":250,"column":38}},"250":{"start":{"line":251,"column":0},"end":{"line":251,"column":23}},"251":{"start":{"line":252,"column":0},"end":{"line":252,"column":13}},"252":{"start":{"line":253,"column":0},"end":{"line":253,"column":10}},"253":{"start":{"line":254,"column":0},"end":{"line":254,"column":41}},"254":{"start":{"line":255,"column":0},"end":{"line":255,"column":28}},"255":{"start":{"line":256,"column":0},"end":{"line":256,"column":16}},"256":{"start":{"line":257,"column":0},"end":{"line":257,"column":87}},"257":{"start":{"line":258,"column":0},"end":{"line":258,"column":26}},"258":{"start":{"line":259,"column":0},"end":{"line":259,"column":22}},"259":{"start":{"line":260,"column":0},"end":{"line":260,"column":64}},"260":{"start":{"line":261,"column":0},"end":{"line":261,"column":12}},"261":{"start":{"line":262,"column":0},"end":{"line":262,"column":10}},"262":{"start":{"line":263,"column":0},"end":{"line":263,"column":46}},"263":{"start":{"line":264,"column":0},"end":{"line":264,"column":33}},"264":{"start":{"line":265,"column":0},"end":{"line":265,"column":11}},"265":{"start":{"line":266,"column":0},"end":{"line":266,"column":10}},"266":{"start":{"line":267,"column":0},"end":{"line":267,"column":74}},"267":{"start":{"line":268,"column":0},"end":{"line":268,"column":38}},"268":{"start":{"line":269,"column":0},"end":{"line":269,"column":10}},"269":{"start":{"line":270,"column":0},"end":{"line":270,"column":99}},"270":{"start":{"line":271,"column":0},"end":{"line":271,"column":10}},"271":{"start":{"line":272,"column":0},"end":{"line":272,"column":74}},"272":{"start":{"line":273,"column":0},"end":{"line":273,"column":10}},"273":{"start":{"line":274,"column":0},"end":{"line":274,"column":20}},"274":{"start":{"line":275,"column":0},"end":{"line":275,"column":49}},"275":{"start":{"line":276,"column":0},"end":{"line":276,"column":84}},"276":{"start":{"line":277,"column":0},"end":{"line":277,"column":61}},"277":{"start":{"line":278,"column":0},"end":{"line":278,"column":47}},"278":{"start":{"line":279,"column":0},"end":{"line":279,"column":10}},"279":{"start":{"line":280,"column":0},"end":{"line":280,"column":13}},"280":{"start":{"line":281,"column":0},"end":{"line":281,"column":1}}},"s":{"0":1,"1":1,"2":1,"3":1,"4":1,"5":1,"6":1,"7":1,"8":1,"9":12,"10":12,"11":12,"12":12,"13":1,"14":1,"15":1,"16":2,"17":2,"18":1,"19":1,"20":2,"21":2,"22":2,"23":2,"24":2,"25":1,"26":1,"27":192,"28":192,"29":1,"30":1,"31":17,"32":17,"33":1,"34":1,"35":183,"36":183,"37":1,"38":1,"39":1,"40":1,"41":159,"42":159,"43":1,"44":1,"45":38,"46":38,"47":131,"48":131,"49":38,"50":38,"51":1,"52":1,"53":16,"54":16,"55":1,"56":1,"57":1,"58":4,"59":10,"60":10,"61":4,"62":1,"63":1,"64":10,"65":10,"66":10,"67":0,"68":0,"69":10,"70":4,"71":1,"72":1,"73":1,"74":3,"75":3,"76":3,"77":10,"78":10,"79":10,"80":10,"81":1,"82":1,"83":0,"84":0,"85":0,"86":0,"87":0,"88":0,"89":0,"90":1,"91":1,"92":6,"93":6,"94":6,"95":6,"96":1,"97":1,"98":1,"99":1,"100":1,"101":1,"102":1,"103":1,"104":1,"105":1,"106":1,"107":1,"108":1,"109":1,"110":1,"111":3,"112":3,"113":3,"114":3,"115":3,"116":3,"117":3,"118":3,"119":1,"120":1,"121":1,"122":3,"123":3,"124":3,"125":3,"126":1,"127":1,"128":1,"129":2,"130":3,"131":0,"132":0,"133":3,"134":2,"135":2,"136":2,"137":2,"138":2,"139":2,"140":2,"141":2,"142":2,"143":1,"144":1,"145":5,"146":5,"147":1,"148":1,"149":3,"150":3,"151":3,"152":4,"153":4,"154":4,"155":1,"156":1,"157":1,"158":3,"159":3,"160":3,"161":3,"162":3,"163":3,"164":3,"165":3,"166":3,"167":3,"168":3,"169":1,"170":1,"171":1,"172":1,"173":1,"174":1,"175":1,"176":1,"177":1,"178":1,"179":1,"180":1,"181":1,"182":1,"183":1,"184":1,"185":1,"186":1,"187":2,"188":2,"189":2,"190":2,"191":2,"192":2,"193":3,"194":3,"195":3,"196":3,"197":2,"198":1,"199":0,"200":0,"201":1,"202":2,"203":0,"204":0,"205":2,"206":6,"207":0,"208":0,"209":0,"210":6,"211":1,"212":1,"213":6,"214":2,"215":2,"216":2,"217":2,"218":2,"219":2,"220":2,"221":1,"222":1,"223":1,"224":1,"225":1,"226":1,"227":1,"228":1,"229":1,"230":1,"231":1,"232":1,"233":1,"234":1,"235":1,"236":1,"237":1,"238":1,"239":1,"240":1,"241":3,"242":3,"243":3,"244":0,"245":0,"246":3,"247":3,"248":3,"249":3,"250":3,"251":3,"252":3,"253":3,"254":3,"255":3,"256":3,"257":3,"258":3,"259":3,"260":3,"261":3,"262":3,"263":3,"264":3,"265":1,"266":1,"267":1,"268":1,"269":1,"270":1,"271":1,"272":1,"273":1,"274":1,"275":1,"276":1,"277":1,"278":1,"279":1,"280":1},"branchMap":{"0":{"type":"branch","line":1,"loc":{"start":{"line":1,"column":10},"end":{"line":280,"column":13}},"locations":[{"start":{"line":1,"column":10},"end":{"line":280,"column":13}}]},"1":{"type":"branch","line":5,"loc":{"start":{"line":5,"column":7},"end":{"line":175,"column":9}},"locations":[{"start":{"line":5,"column":7},"end":{"line":175,"column":9}}]},"2":{"type":"branch","line":9,"loc":{"start":{"line":9,"column":21},"end":{"line":13,"column":2}},"locations":[{"start":{"line":9,"column":21},"end":{"line":13,"column":2}}]},"3":{"type":"branch","line":16,"loc":{"start":{"line":16,"column":4},"end":{"line":18,"column":5}},"locations":[{"start":{"line":16,"column":4},"end":{"line":18,"column":5}}]},"4":{"type":"branch","line":17,"loc":{"start":{"line":17,"column":32},"end":{"line":17,"column":39}},"locations":[{"start":{"line":17,"column":32},"end":{"line":17,"column":39}}]},"5":{"type":"branch","line":20,"loc":{"start":{"line":20,"column":4},"end":{"line":25,"column":5}},"locations":[{"start":{"line":20,"column":4},"end":{"line":25,"column":5}}]},"6":{"type":"branch","line":22,"loc":{"start":{"line":22,"column":19},"end":{"line":22,"column":38}},"locations":[{"start":{"line":22,"column":19},"end":{"line":22,"column":38}}]},"7":{"type":"branch","line":27,"loc":{"start":{"line":27,"column":4},"end":{"line":29,"column":5}},"locations":[{"start":{"line":27,"column":4},"end":{"line":29,"column":5}}]},"8":{"type":"branch","line":31,"loc":{"start":{"line":31,"column":4},"end":{"line":33,"column":5}},"locations":[{"start":{"line":31,"column":4},"end":{"line":33,"column":5}}]},"9":{"type":"branch","line":35,"loc":{"start":{"line":35,"column":4},"end":{"line":37,"column":5}},"locations":[{"start":{"line":35,"column":4},"end":{"line":37,"column":5}}]},"10":{"type":"branch","line":41,"loc":{"start":{"line":41,"column":4},"end":{"line":43,"column":5}},"locations":[{"start":{"line":41,"column":4},"end":{"line":43,"column":5}}]},"11":{"type":"branch","line":45,"loc":{"start":{"line":45,"column":4},"end":{"line":51,"column":5}},"locations":[{"start":{"line":45,"column":4},"end":{"line":51,"column":5}}]},"12":{"type":"branch","line":47,"loc":{"start":{"line":47,"column":15},"end":{"line":47,"column":42}},"locations":[{"start":{"line":47,"column":15},"end":{"line":47,"column":42}}]},"13":{"type":"branch","line":47,"loc":{"start":{"line":47,"column":63},"end":{"line":49,"column":9}},"locations":[{"start":{"line":47,"column":63},"end":{"line":49,"column":9}}]},"14":{"type":"branch","line":53,"loc":{"start":{"line":53,"column":4},"end":{"line":55,"column":5}},"locations":[{"start":{"line":53,"column":4},"end":{"line":55,"column":5}}]},"15":{"type":"branch","line":54,"loc":{"start":{"line":54,"column":34},"end":{"line":54,"column":48}},"locations":[{"start":{"line":54,"column":34},"end":{"line":54,"column":48}}]},"16":{"type":"branch","line":58,"loc":{"start":{"line":58,"column":4},"end":{"line":62,"column":5}},"locations":[{"start":{"line":58,"column":4},"end":{"line":62,"column":5}}]},"17":{"type":"branch","line":59,"loc":{"start":{"line":59,"column":15},"end":{"line":59,"column":38}},"locations":[{"start":{"line":59,"column":15},"end":{"line":59,"column":38}}]},"18":{"type":"branch","line":59,"loc":{"start":{"line":59,"column":56},"end":{"line":61,"column":9}},"locations":[{"start":{"line":59,"column":56},"end":{"line":61,"column":9}}]},"19":{"type":"branch","line":64,"loc":{"start":{"line":64,"column":4},"end":{"line":81,"column":5}},"locations":[{"start":{"line":64,"column":4},"end":{"line":81,"column":5}}]},"20":{"type":"branch","line":67,"loc":{"start":{"line":67,"column":12},"end":{"line":69,"column":22}},"locations":[{"start":{"line":67,"column":12},"end":{"line":69,"column":22}}]},"21":{"type":"branch","line":70,"loc":{"start":{"line":70,"column":12},"end":{"line":77,"column":22}},"locations":[{"start":{"line":70,"column":12},"end":{"line":77,"column":22}}]},"22":{"type":"branch","line":71,"loc":{"start":{"line":71,"column":45},"end":{"line":74,"column":17}},"locations":[{"start":{"line":71,"column":45},"end":{"line":74,"column":17}}]},"23":{"type":"branch","line":75,"loc":{"start":{"line":75,"column":-1},"end":{"line":77,"column":22}},"locations":[{"start":{"line":75,"column":-1},"end":{"line":77,"column":22}}]},"24":{"type":"branch","line":78,"loc":{"start":{"line":78,"column":12},"end":{"line":79,"column":21}},"locations":[{"start":{"line":78,"column":12},"end":{"line":79,"column":21}}]},"25":{"type":"branch","line":92,"loc":{"start":{"line":92,"column":4},"end":{"line":96,"column":5}},"locations":[{"start":{"line":92,"column":4},"end":{"line":96,"column":5}}]},"26":{"type":"branch","line":93,"loc":{"start":{"line":93,"column":38},"end":{"line":93,"column":55}},"locations":[{"start":{"line":93,"column":38},"end":{"line":93,"column":55}}]},"27":{"type":"branch","line":98,"loc":{"start":{"line":98,"column":4},"end":{"line":109,"column":5}},"locations":[{"start":{"line":98,"column":4},"end":{"line":109,"column":5}}]},"28":{"type":"branch","line":103,"loc":{"start":{"line":103,"column":41},"end":{"line":103,"column":72}},"locations":[{"start":{"line":103,"column":41},"end":{"line":103,"column":72}}]},"29":{"type":"branch","line":103,"loc":{"start":{"line":103,"column":50},"end":{"line":103,"column":72}},"locations":[{"start":{"line":103,"column":50},"end":{"line":103,"column":72}}]},"30":{"type":"branch","line":111,"loc":{"start":{"line":111,"column":4},"end":{"line":143,"column":5}},"locations":[{"start":{"line":111,"column":4},"end":{"line":143,"column":5}}]},"31":{"type":"branch","line":119,"loc":{"start":{"line":119,"column":40},"end":{"line":122,"column":9}},"locations":[{"start":{"line":119,"column":40},"end":{"line":122,"column":9}}]},"32":{"type":"branch","line":126,"loc":{"start":{"line":126,"column":27},"end":{"line":129,"column":9}},"locations":[{"start":{"line":126,"column":27},"end":{"line":129,"column":9}}]},"33":{"type":"branch","line":130,"loc":{"start":{"line":130,"column":-1},"end":{"line":131,"column":12}},"locations":[{"start":{"line":130,"column":-1},"end":{"line":131,"column":12}}]},"34":{"type":"branch","line":131,"loc":{"start":{"line":131,"column":31},"end":{"line":134,"column":15}},"locations":[{"start":{"line":131,"column":31},"end":{"line":134,"column":15}}]},"35":{"type":"branch","line":134,"loc":{"start":{"line":134,"column":9},"end":{"line":143,"column":5}},"locations":[{"start":{"line":134,"column":9},"end":{"line":143,"column":5}}]},"36":{"type":"branch","line":124,"loc":{"start":{"line":124,"column":27},"end":{"line":124,"column":50}},"locations":[{"start":{"line":124,"column":27},"end":{"line":124,"column":50}}]},"37":{"type":"branch","line":145,"loc":{"start":{"line":145,"column":4},"end":{"line":147,"column":5}},"locations":[{"start":{"line":145,"column":4},"end":{"line":147,"column":5}}]},"38":{"type":"branch","line":146,"loc":{"start":{"line":146,"column":34},"end":{"line":146,"column":55}},"locations":[{"start":{"line":146,"column":34},"end":{"line":146,"column":55}}]},"39":{"type":"branch","line":149,"loc":{"start":{"line":149,"column":4},"end":{"line":169,"column":5}},"locations":[{"start":{"line":149,"column":4},"end":{"line":169,"column":5}}]},"40":{"type":"branch","line":152,"loc":{"start":{"line":152,"column":49},"end":{"line":167,"column":9}},"locations":[{"start":{"line":152,"column":49},"end":{"line":167,"column":9}}]},"41":{"type":"branch","line":155,"loc":{"start":{"line":155,"column":44},"end":{"line":158,"column":13}},"locations":[{"start":{"line":155,"column":44},"end":{"line":158,"column":13}}]},"42":{"type":"branch","line":159,"loc":{"start":{"line":159,"column":-1},"end":{"line":167,"column":9}},"locations":[{"start":{"line":159,"column":-1},"end":{"line":167,"column":9}}]},"43":{"type":"branch","line":153,"loc":{"start":{"line":153,"column":41},"end":{"line":153,"column":61}},"locations":[{"start":{"line":153,"column":41},"end":{"line":153,"column":61}}]},"44":{"type":"branch","line":163,"loc":{"start":{"line":163,"column":41},"end":{"line":163,"column":70}},"locations":[{"start":{"line":163,"column":41},"end":{"line":163,"column":70}}]},"45":{"type":"branch","line":178,"loc":{"start":{"line":178,"column":7},"end":{"line":225,"column":9}},"locations":[{"start":{"line":178,"column":7},"end":{"line":225,"column":9}}]},"46":{"type":"branch","line":187,"loc":{"start":{"line":187,"column":15},"end":{"line":221,"column":1}},"locations":[{"start":{"line":187,"column":15},"end":{"line":221,"column":1}}]},"47":{"type":"branch","line":189,"loc":{"start":{"line":189,"column":22},"end":{"line":189,"column":38}},"locations":[{"start":{"line":189,"column":22},"end":{"line":189,"column":38}}]},"48":{"type":"branch","line":193,"loc":{"start":{"line":193,"column":8},"end":{"line":197,"column":10}},"locations":[{"start":{"line":193,"column":8},"end":{"line":197,"column":10}}]},"49":{"type":"branch","line":196,"loc":{"start":{"line":196,"column":37},"end":{"line":196,"column":57}},"locations":[{"start":{"line":196,"column":37},"end":{"line":196,"column":57}}]},"50":{"type":"branch","line":196,"loc":{"start":{"line":196,"column":30},"end":{"line":196,"column":66}},"locations":[{"start":{"line":196,"column":30},"end":{"line":196,"column":66}}]},"51":{"type":"branch","line":196,"loc":{"start":{"line":196,"column":91},"end":{"line":196,"column":100}},"locations":[{"start":{"line":196,"column":91},"end":{"line":196,"column":100}}]},"52":{"type":"branch","line":196,"loc":{"start":{"line":196,"column":91},"end":{"line":196,"column":103}},"locations":[{"start":{"line":196,"column":91},"end":{"line":196,"column":103}}]},"53":{"type":"branch","line":194,"loc":{"start":{"line":194,"column":54},"end":{"line":194,"column":128}},"locations":[{"start":{"line":194,"column":54},"end":{"line":194,"column":128}}]},"54":{"type":"branch","line":194,"loc":{"start":{"line":194,"column":70},"end":{"line":194,"column":90}},"locations":[{"start":{"line":194,"column":70},"end":{"line":194,"column":90}}]},"55":{"type":"branch","line":194,"loc":{"start":{"line":194,"column":70},"end":{"line":194,"column":128}},"locations":[{"start":{"line":194,"column":70},"end":{"line":194,"column":128}}]},"56":{"type":"branch","line":198,"loc":{"start":{"line":198,"column":8},"end":{"line":202,"column":10}},"locations":[{"start":{"line":198,"column":8},"end":{"line":202,"column":10}}]},"57":{"type":"branch","line":199,"loc":{"start":{"line":199,"column":34},"end":{"line":201,"column":13}},"locations":[{"start":{"line":199,"column":34},"end":{"line":201,"column":13}}]},"58":{"type":"branch","line":206,"loc":{"start":{"line":206,"column":8},"end":{"line":214,"column":10}},"locations":[{"start":{"line":206,"column":8},"end":{"line":214,"column":10}}]},"59":{"type":"branch","line":207,"loc":{"start":{"line":207,"column":37},"end":{"line":210,"column":13}},"locations":[{"start":{"line":207,"column":37},"end":{"line":210,"column":13}}]},"60":{"type":"branch","line":211,"loc":{"start":{"line":211,"column":35},"end":{"line":213,"column":13}},"locations":[{"start":{"line":211,"column":35},"end":{"line":213,"column":13}}]},"61":{"type":"branch","line":215,"loc":{"start":{"line":215,"column":8},"end":{"line":217,"column":9}},"locations":[{"start":{"line":215,"column":8},"end":{"line":217,"column":9}}]},"62":{"type":"branch","line":228,"loc":{"start":{"line":228,"column":8},"end":{"line":233,"column":8}},"locations":[{"start":{"line":228,"column":8},"end":{"line":233,"column":8}}]},"63":{"type":"branch","line":241,"loc":{"start":{"line":241,"column":10},"end":{"line":265,"column":11}},"locations":[{"start":{"line":241,"column":10},"end":{"line":265,"column":11}}]},"64":{"type":"branch","line":244,"loc":{"start":{"line":244,"column":43},"end":{"line":246,"column":12}},"locations":[{"start":{"line":244,"column":43},"end":{"line":246,"column":12}}]},"65":{"type":"branch","line":260,"loc":{"start":{"line":260,"column":22},"end":{"line":260,"column":29}},"locations":[{"start":{"line":260,"column":22},"end":{"line":260,"column":29}}]}},"b":{"0":[1],"1":[1],"2":[12],"3":[2],"4":[0],"5":[2],"6":[0],"7":[192],"8":[17],"9":[183],"10":[159],"11":[38],"12":[168],"13":[131],"14":[16],"15":[32],"16":[4],"17":[12],"18":[10],"19":[10],"20":[0],"21":[4],"22":[1],"23":[3],"24":[6],"25":[6],"26":[54],"27":[1],"28":[7],"29":[1],"30":[3],"31":[1],"32":[1],"33":[2],"34":[0],"35":[2],"36":[4],"37":[5],"38":[28],"39":[3],"40":[4],"41":[1],"42":[3],"43":[26],"44":[17],"45":[1],"46":[2],"47":[6],"48":[3],"49":[0],"50":[0],"51":[1],"52":[2],"53":[4],"54":[1],"55":[3],"56":[1],"57":[0],"58":[6],"59":[0],"60":[1],"61":[2],"62":[1],"63":[3],"64":[0],"65":[0]},"fnMap":{"0":{"name":"939","decl":{"start":{"line":5,"column":7},"end":{"line":175,"column":9}},"loc":{"start":{"line":5,"column":7},"end":{"line":175,"column":9}},"line":5},"1":{"name":"handlerCompany","decl":{"start":{"line":9,"column":21},"end":{"line":13,"column":2}},"loc":{"start":{"line":9,"column":21},"end":{"line":13,"column":2}},"line":9},"2":{"name":"WXMLParser","decl":{"start":{"line":16,"column":4},"end":{"line":18,"column":5}},"loc":{"start":{"line":16,"column":4},"end":{"line":18,"column":5}},"line":16},"3":{"name":"write","decl":{"start":{"line":20,"column":4},"end":{"line":25,"column":5}},"loc":{"start":{"line":20,"column":4},"end":{"line":25,"column":5}},"line":20},"4":{"name":"getNextChar","decl":{"start":{"line":27,"column":4},"end":{"line":29,"column":5}},"loc":{"start":{"line":27,"column":4},"end":{"line":29,"column":5}},"line":27},"5":{"name":"startWiths","decl":{"start":{"line":31,"column":4},"end":{"line":33,"column":5}},"loc":{"start":{"line":31,"column":4},"end":{"line":33,"column":5}},"line":31},"6":{"name":"isEOF","decl":{"start":{"line":35,"column":4},"end":{"line":37,"column":5}},"loc":{"start":{"line":35,"column":4},"end":{"line":37,"column":5}},"line":35},"7":{"name":"consumeChar","decl":{"start":{"line":41,"column":4},"end":{"line":43,"column":5}},"loc":{"start":{"line":41,"column":4},"end":{"line":43,"column":5}},"line":41},"8":{"name":"consumeWhile","decl":{"start":{"line":45,"column":4},"end":{"line":51,"column":5}},"loc":{"start":{"line":45,"column":4},"end":{"line":51,"column":5}},"line":45},"9":{"name":"consumeWhitespace","decl":{"start":{"line":53,"column":4},"end":{"line":55,"column":5}},"loc":{"start":{"line":53,"column":4},"end":{"line":55,"column":5}},"line":53},"10":{"name":"parseNodes","decl":{"start":{"line":58,"column":4},"end":{"line":62,"column":5}},"loc":{"start":{"line":58,"column":4},"end":{"line":62,"column":5}},"line":58},"11":{"name":"parseNode","decl":{"start":{"line":64,"column":4},"end":{"line":81,"column":5}},"loc":{"start":{"line":64,"column":4},"end":{"line":81,"column":5}},"line":64},"12":{"name":"parseTemplate","decl":{"start":{"line":83,"column":4},"end":{"line":90,"column":5}},"loc":{"start":{"line":83,"column":4},"end":{"line":90,"column":5}},"line":83},"13":{"name":"parseText","decl":{"start":{"line":92,"column":4},"end":{"line":96,"column":5}},"loc":{"start":{"line":92,"column":4},"end":{"line":96,"column":5}},"line":92},"14":{"name":"parseComment","decl":{"start":{"line":98,"column":4},"end":{"line":109,"column":5}},"loc":{"start":{"line":98,"column":4},"end":{"line":109,"column":5}},"line":98},"15":{"name":"parseElement","decl":{"start":{"line":111,"column":4},"end":{"line":143,"column":5}},"loc":{"start":{"line":111,"column":4},"end":{"line":143,"column":5}},"line":111},"16":{"name":"parseTagName","decl":{"start":{"line":145,"column":4},"end":{"line":147,"column":5}},"loc":{"start":{"line":145,"column":4},"end":{"line":147,"column":5}},"line":145},"17":{"name":"parseAttrs","decl":{"start":{"line":149,"column":4},"end":{"line":169,"column":5}},"loc":{"start":{"line":149,"column":4},"end":{"line":169,"column":5}},"line":149},"18":{"name":"351","decl":{"start":{"line":178,"column":7},"end":{"line":225,"column":9}},"loc":{"start":{"line":178,"column":7},"end":{"line":225,"column":9}},"line":178},"19":{"name":"minifier","decl":{"start":{"line":187,"column":15},"end":{"line":221,"column":1}},"loc":{"start":{"line":187,"column":15},"end":{"line":221,"column":1}},"line":187},"20":{"name":"isAllSpace","decl":{"start":{"line":189,"column":22},"end":{"line":189,"column":38}},"loc":{"start":{"line":189,"column":22},"end":{"line":189,"column":38}},"line":189},"21":{"name":"onopentag","decl":{"start":{"line":193,"column":8},"end":{"line":197,"column":10}},"loc":{"start":{"line":193,"column":8},"end":{"line":197,"column":10}},"line":193},"22":{"name":"oncomment","decl":{"start":{"line":198,"column":8},"end":{"line":202,"column":10}},"loc":{"start":{"line":198,"column":8},"end":{"line":202,"column":10}},"line":198},"23":{"name":"ontemplate","decl":{"start":{"line":203,"column":8},"end":{"line":205,"column":10}},"loc":{"start":{"line":203,"column":8},"end":{"line":205,"column":10}},"line":203},"24":{"name":"ontext","decl":{"start":{"line":206,"column":8},"end":{"line":214,"column":10}},"loc":{"start":{"line":206,"column":8},"end":{"line":214,"column":10}},"line":206},"25":{"name":"onclosetag","decl":{"start":{"line":215,"column":8},"end":{"line":217,"column":9}},"loc":{"start":{"line":215,"column":8},"end":{"line":217,"column":9}},"line":215},"26":{"name":"491","decl":{"start":{"line":228,"column":8},"end":{"line":233,"column":8}},"loc":{"start":{"line":228,"column":8},"end":{"line":233,"column":8}},"line":228},"27":{"name":"__nccwpck_require__","decl":{"start":{"line":241,"column":10},"end":{"line":265,"column":11}},"loc":{"start":{"line":241,"column":10},"end":{"line":265,"column":11}},"line":241}},"f":{"0":1,"1":12,"2":2,"3":2,"4":192,"5":17,"6":183,"7":159,"8":38,"9":16,"10":4,"11":10,"12":0,"13":6,"14":1,"15":3,"16":5,"17":3,"18":1,"19":2,"20":6,"21":3,"22":1,"23":0,"24":6,"25":2,"26":1,"27":3}}
}
