TN:
SF:dist/index.js
FN:5,939
FN:9,handlerCompany
FN:16,WXMLParser
FN:20,write
FN:27,getNextChar
FN:31,startWiths
FN:35,isEOF
FN:41,consumeChar
FN:45,consumeWhile
FN:53,consumeWhitespace
FN:58,parseNodes
FN:64,parseNode
FN:83,parseTemplate
FN:92,parseText
FN:98,parseComment
FN:111,parseElement
FN:145,parseTagName
FN:149,parseAttrs
FN:178,351
FN:187,minifier
FN:189,isAllSpace
FN:193,onopentag
FN:198,oncomment
FN:203,ontemplate
FN:206,ontext
FN:215,onclosetag
FN:228,491
FN:241,__nccwpck_require__
FNF:28
FNH:26
FNDA:1,939
FNDA:12,handlerCompany
FNDA:2,WXMLParser
FNDA:2,write
FNDA:192,getNextChar
FNDA:17,startWiths
FNDA:183,isEOF
FNDA:159,consumeChar
FNDA:38,consumeWhile
FNDA:16,consumeWhitespace
FNDA:4,parseNodes
FNDA:10,parseNode
FNDA:0,parseTemplate
FNDA:6,parseText
FNDA:1,parseComment
FNDA:3,parseElement
FNDA:5,parseTagName
FNDA:3,parseAttrs
FNDA:1,351
FNDA:2,minifier
FNDA:6,isAllSpace
FNDA:3,onopentag
FNDA:1,oncomment
FNDA:0,ontemplate
FNDA:6,ontext
FNDA:2,onclosetag
FNDA:1,491
FNDA:3,__nccwpck_require__
DA:1,1
DA:2,1
DA:3,1
DA:4,1
DA:5,1
DA:6,1
DA:7,1
DA:8,1
DA:9,1
DA:10,12
DA:11,12
DA:12,12
DA:13,12
DA:14,1
DA:15,1
DA:16,1
DA:17,2
DA:18,2
DA:19,1
DA:20,1
DA:21,2
DA:22,2
DA:23,2
DA:24,2
DA:25,2
DA:26,1
DA:27,1
DA:28,192
DA:29,192
DA:30,1
DA:31,1
DA:32,17
DA:33,17
DA:34,1
DA:35,1
DA:36,183
DA:37,183
DA:38,1
DA:39,1
DA:40,1
DA:41,1
DA:42,159
DA:43,159
DA:44,1
DA:45,1
DA:46,38
DA:47,38
DA:48,131
DA:49,131
DA:50,38
DA:51,38
DA:52,1
DA:53,1
DA:54,16
DA:55,16
DA:56,1
DA:57,1
DA:58,1
DA:59,4
DA:60,10
DA:61,10
DA:62,4
DA:63,1
DA:64,1
DA:65,10
DA:66,10
DA:67,10
DA:68,0
DA:69,0
DA:70,10
DA:71,4
DA:72,1
DA:73,1
DA:74,1
DA:75,3
DA:76,3
DA:77,3
DA:78,10
DA:79,10
DA:80,10
DA:81,10
DA:82,1
DA:83,1
DA:84,0
DA:85,0
DA:86,0
DA:87,0
DA:88,0
DA:89,0
DA:90,0
DA:91,1
DA:92,1
DA:93,6
DA:94,6
DA:95,6
DA:96,6
DA:97,1
DA:98,1
DA:99,1
DA:100,1
DA:101,1
DA:102,1
DA:103,1
DA:104,1
DA:105,1
DA:106,1
DA:107,1
DA:108,1
DA:109,1
DA:110,1
DA:111,1
DA:112,3
DA:113,3
DA:114,3
DA:115,3
DA:116,3
DA:117,3
DA:118,3
DA:119,3
DA:120,1
DA:121,1
DA:122,1
DA:123,3
DA:124,3
DA:125,3
DA:126,3
DA:127,1
DA:128,1
DA:129,1
DA:130,2
DA:131,3
DA:132,0
DA:133,0
DA:134,3
DA:135,2
DA:136,2
DA:137,2
DA:138,2
DA:139,2
DA:140,2
DA:141,2
DA:142,2
DA:143,2
DA:144,1
DA:145,1
DA:146,5
DA:147,5
DA:148,1
DA:149,1
DA:150,3
DA:151,3
DA:152,3
DA:153,4
DA:154,4
DA:155,4
DA:156,1
DA:157,1
DA:158,1
DA:159,3
DA:160,3
DA:161,3
DA:162,3
DA:163,3
DA:164,3
DA:165,3
DA:166,3
DA:167,3
DA:168,3
DA:169,3
DA:170,1
DA:171,1
DA:172,1
DA:173,1
DA:174,1
DA:175,1
DA:176,1
DA:177,1
DA:178,1
DA:179,1
DA:180,1
DA:181,1
DA:182,1
DA:183,1
DA:184,1
DA:185,1
DA:186,1
DA:187,1
DA:188,2
DA:189,2
DA:190,2
DA:191,2
DA:192,2
DA:193,2
DA:194,3
DA:195,3
DA:196,3
DA:197,3
DA:198,2
DA:199,1
DA:200,0
DA:201,0
DA:202,1
DA:203,2
DA:204,0
DA:205,0
DA:206,2
DA:207,6
DA:208,0
DA:209,0
DA:210,0
DA:211,6
DA:212,1
DA:213,1
DA:214,6
DA:215,2
DA:216,2
DA:217,2
DA:218,2
DA:219,2
DA:220,2
DA:221,2
DA:222,1
DA:223,1
DA:224,1
DA:225,1
DA:226,1
DA:227,1
DA:228,1
DA:229,1
DA:230,1
DA:231,1
DA:232,1
DA:233,1
DA:234,1
DA:235,1
DA:236,1
DA:237,1
DA:238,1
DA:239,1
DA:240,1
DA:241,1
DA:242,3
DA:243,3
DA:244,3
DA:245,0
DA:246,0
DA:247,3
DA:248,3
DA:249,3
DA:250,3
DA:251,3
DA:252,3
DA:253,3
DA:254,3
DA:255,3
DA:256,3
DA:257,3
DA:258,3
DA:259,3
DA:260,3
DA:261,3
DA:262,3
DA:263,3
DA:264,3
DA:265,3
DA:266,1
DA:267,1
DA:268,1
DA:269,1
DA:270,1
DA:271,1
DA:272,1
DA:273,1
DA:274,1
DA:275,1
DA:276,1
DA:277,1
DA:278,1
DA:279,1
DA:280,1
DA:281,1
LF:281
LH:261
BRDA:1,0,0,1
BRDA:5,1,0,1
BRDA:9,2,0,12
BRDA:16,3,0,2
BRDA:17,4,0,0
BRDA:20,5,0,2
BRDA:22,6,0,0
BRDA:27,7,0,192
BRDA:31,8,0,17
BRDA:35,9,0,183
BRDA:41,10,0,159
BRDA:45,11,0,38
BRDA:47,12,0,168
BRDA:47,13,0,131
BRDA:53,14,0,16
BRDA:54,15,0,32
BRDA:58,16,0,4
BRDA:59,17,0,12
BRDA:59,18,0,10
BRDA:64,19,0,10
BRDA:67,20,0,0
BRDA:70,21,0,4
BRDA:71,22,0,1
BRDA:75,23,0,3
BRDA:78,24,0,6
BRDA:92,25,0,6
BRDA:93,26,0,54
BRDA:98,27,0,1
BRDA:103,28,0,7
BRDA:103,29,0,1
BRDA:111,30,0,3
BRDA:119,31,0,1
BRDA:126,32,0,1
BRDA:130,33,0,2
BRDA:131,34,0,0
BRDA:134,35,0,2
BRDA:124,36,0,4
BRDA:145,37,0,5
BRDA:146,38,0,28
BRDA:149,39,0,3
BRDA:152,40,0,4
BRDA:155,41,0,1
BRDA:159,42,0,3
BRDA:153,43,0,26
BRDA:163,44,0,17
BRDA:178,45,0,1
BRDA:187,46,0,2
BRDA:189,47,0,6
BRDA:193,48,0,3
BRDA:196,49,0,0
BRDA:196,50,0,0
BRDA:196,51,0,1
BRDA:196,52,0,2
BRDA:194,53,0,4
BRDA:194,54,0,1
BRDA:194,55,0,3
BRDA:198,56,0,1
BRDA:199,57,0,0
BRDA:206,58,0,6
BRDA:207,59,0,0
BRDA:211,60,0,1
BRDA:215,61,0,2
BRDA:228,62,0,1
BRDA:241,63,0,3
BRDA:244,64,0,0
BRDA:260,65,0,0
BRF:66
BRH:56
end_of_record
